<?xml version="1.0" encoding="UTF-8"?>
<testsuites name="New Test Suite1" time="71.633" tests="1" failures="0" errors="0">
   <testsuite name="New Test Suite1" tests="1" failures="0" errors="0" time="71.633" skipped="0" timestamp="2023-07-25 11:54:08" hostname="satyasai.samoju - INBL01LAP31245.brd.g-c-i.com" id="Test Suites/New Test Suite1">
      <properties>
[...]
</properties>
      <testcase name="Test Cases/New Test Case" time="71.365" classname="Test Cases/New Test Case" status="PASSED">
         <system-out><![CDATA[2023-07-25 11:54:09 - [TEST_CASE][PASSED] - Test Cases/New Test Case: Test Cases/New Test Case

2023-07-25 11:54:09 - [TEST_STEP][PASSED] - openBrowser(""): Browser is opened with url: ''

2023-07-25 11:54:09 - [MESSAGE][INFO] - User set preference: ['os', 'windows']

2023-07-25 11:54:09 - [MESSAGE][INFO] - User set preference: ['browserName', 'chrome']

2023-07-25 11:54:09 - [MESSAGE][INFO] - User set preference: ['browserVersion', '110']

2023-07-25 11:54:09 - [MESSAGE][INFO] - User set preference: ['katalon:option', '{organizationId=1220672, tunnelId=, usingTunnel=false}']

2023-07-25 11:54:09 - [MESSAGE][INFO] - Connecting to remote web server 'testcloud.katalon.com/hub' with type 'Selenium'

2023-07-25 11:54:10 - [MESSAGE][INFO] - Action delay is set to 0 milliseconds

2023-07-25 11:55:10 - [MESSAGE][PASSED] - Browser is opened with url: ''

2023-07-25 11:55:10 - [TEST_STEP][PASSED] - navigateToUrl("https://www.google.com/"): Navigate to 'https://www.google.com/' successfully

2023-07-25 11:55:14 - [MESSAGE][PASSED] - Navigate to 'https://www.google.com/' successfully

2023-07-25 11:55:14 - [TEST_STEP][PASSED] - maximizeWindow(): Current window maximized

2023-07-25 11:55:15 - [MESSAGE][PASSED] - Current window maximized

2023-07-25 11:55:15 - [TEST_STEP][PASSED] - delay(3): Delayed 3 second(s)

2023-07-25 11:55:18 - [MESSAGE][PASSED] - Delayed 3 second(s)

2023-07-25 11:55:18 - [TEST_STEP][PASSED] - closeBrowser(): Browser is closed

2023-07-25 11:55:20 - [MESSAGE][PASSED] - Browser is closed]]></system-out>
         <system-err><![CDATA[]]></system-err>
      </testcase>
      <system-out><![CDATA[2023-07-25 11:54:08 - [TEST_SUITE][PASSED] - New Test Suite1: Test Cases/New Test Case]]></system-out>
      <system-err><![CDATA[]]></system-err>
   </testsuite>
</testsuites>
